<?xml version="1.0" encoding="UTF-8"?>
<!-- Generated by org.testng.reporters.JUnitXMLReporter -->
<testsuite ignored="0" hostname="DESKTOP-307I3GF" failures="3" tests="3" name="Default test" time="2.7" errors="0" timestamp="2022-10-09T17:54:22 IST">
  <testcase classname="io.cucumber.testng.AbstractTestNGCucumberTests" name="runScenario" time="0.509">
    <failure type="java.lang.NullPointerException" message="Cannot invoke &amp;quot;org.openqa.selenium.WebDriver.get(String)&amp;quot; because &amp;quot;this.driver&amp;quot; is null">
      <![CDATA[java.lang.NullPointerException: Cannot invoke "org.openqa.selenium.WebDriver.get(String)" because "this.driver" is null
at stepdefinitioncode.SeleniumAutomationCode.go_to_jquery_ui_website(SeleniumAutomationCode.java:30)
at ✽.Go to JqueryUi Website(file:///C:/Users/Mohammed%20Irfan/NewEclipse/AppiumSeleniumProject/src/test/java/featurefiles/SeleniumAutomation.feature:6)
]]>
    </failure>
  </testcase> <!-- runScenario -->
  <testcase classname="io.cucumber.testng.AbstractTestNGCucumberTests" name="runScenario" time="0.022">
    <failure type="java.lang.NullPointerException" message="Cannot invoke &amp;quot;org.openqa.selenium.WebDriver.get(String)&amp;quot; because &amp;quot;this.driver&amp;quot; is null">
      <![CDATA[java.lang.NullPointerException: Cannot invoke "org.openqa.selenium.WebDriver.get(String)" because "this.driver" is null
at stepdefinitioncode.SeleniumAutomationCode.go_to_jquery_ui_website(SeleniumAutomationCode.java:30)
at ✽.Go to JqueryUi Website(file:///C:/Users/Mohammed%20Irfan/NewEclipse/AppiumSeleniumProject/src/test/java/featurefiles/SeleniumAutomation.feature:6)
]]>
    </failure>
  </testcase> <!-- runScenario -->
  <testcase classname="io.cucumber.testng.AbstractTestNGCucumberTests" name="runScenario" time="0.018">
    <failure type="java.lang.NullPointerException" message="Cannot invoke &amp;quot;org.openqa.selenium.WebDriver.get(String)&amp;quot; because &amp;quot;this.driver&amp;quot; is null">
      <![CDATA[java.lang.NullPointerException: Cannot invoke "org.openqa.selenium.WebDriver.get(String)" because "this.driver" is null
at stepdefinitioncode.SeleniumAutomationCode.go_to_jquery_ui_website(SeleniumAutomationCode.java:30)
at ✽.Go to JqueryUi Website(file:///C:/Users/Mohammed%20Irfan/NewEclipse/AppiumSeleniumProject/src/test/java/featurefiles/SeleniumAutomation.feature:6)
]]>
    </failure>
  </testcase> <!-- runScenario -->
</testsuite> <!-- Default test -->
